\BOOKMARK [1][-]{section.1}{Blatt 1}{}% 1
\BOOKMARK [2][-]{subsection.1.1}{Reihen und Vollst\344ndigkeit}{section.1}% 2
\BOOKMARK [2][-]{subsection.1.2}{Die Operatornorm}{section.1}% 3
\BOOKMARK [2][-]{subsection.1.3}{Eigenschaften in endlichdimensionalen Vektorr\344umen}{section.1}% 4
\BOOKMARK [1][-]{section.2}{Blatt 2}{}% 5
\BOOKMARK [2][-]{subsection.2.1}{Beispiele}{section.2}% 6
\BOOKMARK [2][-]{subsection.2.2}{p und seine "Basis "}{section.2}% 7
\BOOKMARK [2][-]{subsection.2.3}{Offene Abbildung und seine \304quivalenzen}{section.2}% 8
\BOOKMARK [1][-]{section.3}{Blatt 3}{}% 9
\BOOKMARK [2][-]{subsection.3.1}{Resolventenmenge, Spektrum}{section.3}% 10
\BOOKMARK [2][-]{subsection.3.2}{Fredholmoperator}{section.3}% 11
\BOOKMARK [2][-]{subsection.3.3}{Der "Links-Shift"}{section.3}% 12
\BOOKMARK [1][-]{section.4}{Blatt 4}{}% 13
\BOOKMARK [2][-]{subsection.4.1}{Norm auf dem Quotientenraum}{section.4}% 14
\BOOKMARK [2][-]{subsection.4.2}{Vektorr\344ume mit abz\344hlbaren Basen}{section.4}% 15
\BOOKMARK [2][-]{subsection.4.3}{Kompaktheit in endlichdimensionalen Vektorr\344umen}{section.4}% 16
\BOOKMARK [1][-]{section.5}{Blatt 5}{}% 17
\BOOKMARK [2][-]{subsection.5.1}{ Beispiel f\374r einen Hilbertraum}{section.5}% 18
\BOOKMARK [2][-]{subsection.5.2}{ separable Hilbertr\344ume und der 2}{section.5}% 19
\BOOKMARK [2][-]{subsection.5.3}{ Gram-Schmidt-Orthonormalisierung}{section.5}% 20
\BOOKMARK [1][-]{section.6}{Blatt 6}{}% 21
\BOOKMARK [2][-]{subsection.6.1}{ Parallelogrammgleichung und Skalarprodukt}{section.6}% 22
\BOOKMARK [2][-]{subsection.6.2}{ Orthogonales Komplement}{section.6}% 23
\BOOKMARK [2][-]{subsection.6.3}{ Orthogonale Projektion}{section.6}% 24
\BOOKMARK [2][-]{subsection.6.4}{ Unbeschr\344nkter Projektor}{section.6}% 25
\BOOKMARK [1][-]{section.7}{ Blatt 7}{}% 26
\BOOKMARK [2][-]{subsection.7.1}{ Abgeschlossenes Bild eines beschr\344nkten Operators}{section.7}% 27
\BOOKMARK [2][-]{subsection.7.2}{ Beispiel eines graphenabgeschlossenen, nicht stetigen Operators}{section.7}% 28
\BOOKMARK [2][-]{subsection.7.3}{ Notwendigkeit der Vollst\344ndigkeit im Satz der offenen Abbildung}{section.7}% 29
\BOOKMARK [2][-]{subsection.7.4}{ Sowas wie die verallgemeinerte Exponentialfunktion ???????}{section.7}% 30
\BOOKMARK [2][-]{subsection.7.5}{ Symmetrische Operatoren im Hilbertraum }{section.7}% 31
\BOOKMARK [1][-]{section.8}{ Blatt 8}{}% 32
\BOOKMARK [2][-]{subsection.8.1}{ Funktional und Beschr\344nktheit}{section.8}% 33
\BOOKMARK [2][-]{subsection.8.2}{ Hmm}{section.8}% 34
\BOOKMARK [2][-]{subsection.8.3}{ Der Banach-Limes}{section.8}% 35
\BOOKMARK [2][-]{subsection.8.4}{ Orthogonalr\344ume oder so}{section.8}% 36
\BOOKMARK [1][-]{section.9}{ Blatt 9}{}% 37
\BOOKMARK [2][-]{subsection.9.1}{ 1 ist nicht reflexiv}{section.9}% 38
\BOOKMARK [2][-]{subsection.9.2}{ Schwache Cauchy-Folgen}{section.9}% 39
\BOOKMARK [2][-]{subsection.9.3}{ Nicht-Existenz von T*}{section.9}% 40
\BOOKMARK [2][-]{subsection.9.4}{ Die Adjungierte des Rechts-Shifts}{section.9}% 41
\BOOKMARK [2][-]{subsection.9.5}{ Spektrum der Adjungierten und Dualen}{section.9}% 42
\BOOKMARK [1][-]{section.10}{ Blatt 10}{}% 43
\BOOKMARK [2][-]{subsection.10.1}{ selbstadjungiert oder so}{section.10}% 44
\BOOKMARK [2][-]{subsection.10.2}{ Advanced Aufgabe 1}{section.10}% 45
\BOOKMARK [2][-]{subsection.10.3}{ Normale Operatoren}{section.10}% 46
\BOOKMARK [2][-]{subsection.10.4}{ Hmm}{section.10}% 47
\BOOKMARK [2][-]{subsection.10.5}{ Der Dualraum von c0}{section.10}% 48
\BOOKMARK [1][-]{section.11}{ Blatt 11}{}% 49
\BOOKMARK [2][-]{subsection.11.1}{ Der Fredholm-Operator}{section.11}% 50
\BOOKMARK [2][-]{subsection.11.2}{ Spektrumseigenschaften}{section.11}% 51
\BOOKMARK [2][-]{subsection.11.3}{ Verallgemeinerter Hauptsatz der Differential- und Integralrechnung}{section.11}% 52
\BOOKMARK [1][-]{section.12}{ Blatt 12}{}% 53
\BOOKMARK [2][-]{subsection.12.1}{ Satz von Lax-Milgram}{section.12}% 54
\BOOKMARK [2][-]{subsection.12.2}{ Ein elliptisches Randwertproblem}{section.12}% 55
\BOOKMARK [2][-]{subsection.12.3}{ Zeug f\374r die Schwache Ableitung}{section.12}% 56
\BOOKMARK [2][-]{subsection.12.4}{ Hmm}{section.12}% 57
\BOOKMARK [1][-]{section.13}{ Blatt 13}{}% 58
\BOOKMARK [2][-]{subsection.13.1}{ Kompakter Operator - Eigenschaften}{section.13}% 59
\BOOKMARK [2][-]{subsection.13.2}{ Absch\344tzung der Norm kompakter Operatoren}{section.13}% 60
\BOOKMARK [2][-]{subsection.13.3}{ Kompakter Operator - Eigenschaft}{section.13}% 61
\BOOKMARK [2][-]{subsection.13.4}{ Beispiele kompakter Operatoren}{section.13}% 62
