This is pdfTeX, Version 3.14159265-2.6-1.40.16 (TeX Live 2015) (preloaded format=pdflatex 2015.10.12)  11 SEP 2017 14:01
entering extended mode
 restricted \write18 enabled.
 %&-line parsing enabled.
**"Aufgaben FunkAna LoÌˆsungsvorschlaÌˆge.tex"
(./Aufgaben FunkAna LoÌˆsungsvorschlaÌˆge.tex
LaTeX2e <2015/01/01>
Babel <3.9l> and hyphenation patterns for 79 languages loaded.
(/usr/local/texlive/2015/texmf-dist/tex/latex/base/article.cls
Document Class: article 2014/09/29 v1.4h Standard LaTeX document class
(/usr/local/texlive/2015/texmf-dist/tex/latex/base/size10.clo
File: size10.clo 2014/09/29 v1.4h Standard LaTeX file (size option)
)
\c@part=\count79
\c@section=\count80
\c@subsection=\count81
\c@subsubsection=\count82
\c@paragraph=\count83
\c@subparagraph=\count84
\c@figure=\count85
\c@table=\count86
\abovecaptionskip=\skip41
\belowcaptionskip=\skip42
\bibindent=\dimen102
)
(/usr/local/texlive/2015/texmf-dist/tex/generic/babel/babel.sty
Package: babel 2014/09/25 3.9l The Babel package

(/usr/local/texlive/2015/texmf-dist/tex/generic/babel-german/ngerman.ldf
Language: ngerman 2013/12/13 v2.7 German support for babel (new orthography)

(/usr/local/texlive/2015/texmf-dist/tex/generic/babel-german/ngermanb.ldf
Language: ngermanb 2013/12/13 v2.7 German support for babel (new orthography)

(/usr/local/texlive/2015/texmf-dist/tex/generic/babel/babel.def
File: babel.def 2014/09/25 3.9l Babel common definitions
\babel@savecnt=\count87
\U@D=\dimen103
)
\l@naustrian = a dialect from \language\l@ngerman 
\l@nswissgerman = a dialect from \language\l@ngerman 
Package babel Info: Making " an active character on input line 88.
))
(/usr/local/texlive/2015/texmf-dist/tex/generic/babel-german/german.ldf
Language: german 2014/10/10 v2.7b German support for babel (traditional orthogr
aphy)

(/usr/local/texlive/2015/texmf-dist/tex/generic/babel-german/germanb.ldf
Language: germanb 2014/10/10 v2.7b German support for babel (traditional orthog
raphy)
\l@austrian = a dialect from \language\l@german 
)))
(/usr/local/texlive/2015/texmf-dist/tex/latex/base/inputenc.sty
Package: inputenc 2015/03/17 v1.2c Input encoding file
\inpenc@prehook=\toks14
\inpenc@posthook=\toks15

(/usr/local/texlive/2015/texmf-dist/tex/latex/base/utf8.def
File: utf8.def 2014/09/29 v1.1m UTF-8 support for inputenc
Now handling font encoding OML ...
... no UTF-8 mapping file for font encoding OML
Now handling font encoding T1 ...
... processing UTF-8 mapping file for font encoding T1

(/usr/local/texlive/2015/texmf-dist/tex/latex/base/t1enc.dfu
File: t1enc.dfu 2014/09/29 v1.1m UTF-8 support for inputenc
   defining Unicode char U+00A1 (decimal 161)
   defining Unicode char U+00A3 (decimal 163)
   defining Unicode char U+00AB (decimal 171)
   defining Unicode char U+00BB (decimal 187)
   defining Unicode char U+00BF (decimal 191)
   defining Unicode char U+00C0 (decimal 192)
   defining Unicode char U+00C1 (decimal 193)
   defining Unicode char U+00C2 (decimal 194)
   defining Unicode char U+00C3 (decimal 195)
   defining Unicode char U+00C4 (decimal 196)
   defining Unicode char U+00C5 (decimal 197)
   defining Unicode char U+00C6 (decimal 198)
   defining Unicode char U+00C7 (decimal 199)
   defining Unicode char U+00C8 (decimal 200)
   defining Unicode char U+00C9 (decimal 201)
   defining Unicode char U+00CA (decimal 202)
   defining Unicode char U+00CB (decimal 203)
   defining Unicode char U+00CC (decimal 204)
   defining Unicode char U+00CD (decimal 205)
   defining Unicode char U+00CE (decimal 206)
   defining Unicode char U+00CF (decimal 207)
   defining Unicode char U+00D0 (decimal 208)
   defining Unicode char U+00D1 (decimal 209)
   defining Unicode char U+00D2 (decimal 210)
   defining Unicode char U+00D3 (decimal 211)
   defining Unicode char U+00D4 (decimal 212)
   defining Unicode char U+00D5 (decimal 213)
   defining Unicode char U+00D6 (decimal 214)
   defining Unicode char U+00D8 (decimal 216)
   defining Unicode char U+00D9 (decimal 217)
   defining Unicode char U+00DA (decimal 218)
   defining Unicode char U+00DB (decimal 219)
   defining Unicode char U+00DC (decimal 220)
   defining Unicode char U+00DD (decimal 221)
   defining Unicode char U+00DE (decimal 222)
   defining Unicode char U+00DF (decimal 223)
   defining Unicode char U+00E0 (decimal 224)
   defining Unicode char U+00E1 (decimal 225)
   defining Unicode char U+00E2 (decimal 226)
   defining Unicode char U+00E3 (decimal 227)
   defining Unicode char U+00E4 (decimal 228)
   defining Unicode char U+00E5 (decimal 229)
   defining Unicode char U+00E6 (decimal 230)
   defining Unicode char U+00E7 (decimal 231)
   defining Unicode char U+00E8 (decimal 232)
   defining Unicode char U+00E9 (decimal 233)
   defining Unicode char U+00EA (decimal 234)
   defining Unicode char U+00EB (decimal 235)
   defining Unicode char U+00EC (decimal 236)
   defining Unicode char U+00ED (decimal 237)
   defining Unicode char U+00EE (decimal 238)
   defining Unicode char U+00EF (decimal 239)
   defining Unicode char U+00F0 (decimal 240)
   defining Unicode char U+00F1 (decimal 241)
   defining Unicode char U+00F2 (decimal 242)
   defining Unicode char U+00F3 (decimal 243)
   defining Unicode char U+00F4 (decimal 244)
   defining Unicode char U+00F5 (decimal 245)
   defining Unicode char U+00F6 (decimal 246)
   defining Unicode char U+00F8 (decimal 248)
   defining Unicode char U+00F9 (decimal 249)
   defining Unicode char U+00FA (decimal 250)
   defining Unicode char U+00FB (decimal 251)
   defining Unicode char U+00FC (decimal 252)
   defining Unicode char U+00FD (decimal 253)
   defining Unicode char U+00FE (decimal 254)
   defining Unicode char U+00FF (decimal 255)
   defining Unicode char U+0102 (decimal 258)
   defining Unicode char U+0103 (decimal 259)
   defining Unicode char U+0104 (decimal 260)
   defining Unicode char U+0105 (decimal 261)
   defining Unicode char U+0106 (decimal 262)
   defining Unicode char U+0107 (decimal 263)
   defining Unicode char U+010C (decimal 268)
   defining Unicode char U+010D (decimal 269)
   defining Unicode char U+010E (decimal 270)
   defining Unicode char U+010F (decimal 271)
   defining Unicode char U+0110 (decimal 272)
   defining Unicode char U+0111 (decimal 273)
   defining Unicode char U+0118 (decimal 280)
   defining Unicode char U+0119 (decimal 281)
   defining Unicode char U+011A (decimal 282)
   defining Unicode char U+011B (decimal 283)
   defining Unicode char U+011E (decimal 286)
   defining Unicode char U+011F (decimal 287)
   defining Unicode char U+0130 (decimal 304)
   defining Unicode char U+0131 (decimal 305)
   defining Unicode char U+0132 (decimal 306)
   defining Unicode char U+0133 (decimal 307)
   defining Unicode char U+0139 (decimal 313)
   defining Unicode char U+013A (decimal 314)
   defining Unicode char U+013D (decimal 317)
   defining Unicode char U+013E (decimal 318)
   defining Unicode char U+0141 (decimal 321)
   defining Unicode char U+0142 (decimal 322)
   defining Unicode char U+0143 (decimal 323)
   defining Unicode char U+0144 (decimal 324)
   defining Unicode char U+0147 (decimal 327)
   defining Unicode char U+0148 (decimal 328)
   defining Unicode char U+014A (decimal 330)
   defining Unicode char U+014B (decimal 331)
   defining Unicode char U+0150 (decimal 336)
   defining Unicode char U+0151 (decimal 337)
   defining Unicode char U+0152 (decimal 338)
   defining Unicode char U+0153 (decimal 339)
   defining Unicode char U+0154 (decimal 340)
   defining Unicode char U+0155 (decimal 341)
   defining Unicode char U+0158 (decimal 344)
   defining Unicode char U+0159 (decimal 345)
   defining Unicode char U+015A (decimal 346)
   defining Unicode char U+015B (decimal 347)
   defining Unicode char U+015E (decimal 350)
   defining Unicode char U+015F (decimal 351)
   defining Unicode char U+0160 (decimal 352)
   defining Unicode char U+0161 (decimal 353)
   defining Unicode char U+0162 (decimal 354)
   defining Unicode char U+0163 (decimal 355)
   defining Unicode char U+0164 (decimal 356)
   defining Unicode char U+0165 (decimal 357)
   defining Unicode char U+016E (decimal 366)
   defining Unicode char U+016F (decimal 367)
   defining Unicode char U+0170 (decimal 368)
   defining Unicode char U+0171 (decimal 369)
   defining Unicode char U+0178 (decimal 376)
   defining Unicode char U+0179 (decimal 377)
   defining Unicode char U+017A (decimal 378)
   defining Unicode char U+017B (decimal 379)
   defining Unicode char U+017C (decimal 380)
   defining Unicode char U+017D (decimal 381)
   defining Unicode char U+017E (decimal 382)
   defining Unicode char U+200C (decimal 8204)
   defining Unicode char U+2013 (decimal 8211)
   defining Unicode char U+2014 (decimal 8212)
   defining Unicode char U+2018 (decimal 8216)
   defining Unicode char U+2019 (decimal 8217)
   defining Unicode char U+201A (decimal 8218)
   defining Unicode char U+201C (decimal 8220)
   defining Unicode char U+201D (decimal 8221)
   defining Unicode char U+201E (decimal 8222)
   defining Unicode char U+2030 (decimal 8240)
   defining Unicode char U+2031 (decimal 8241)
   defining Unicode char U+2039 (decimal 8249)
   defining Unicode char U+203A (decimal 8250)
   defining Unicode char U+2423 (decimal 9251)
)
Now handling font encoding OT1 ...
... processing UTF-8 mapping file for font encoding OT1

(/usr/local/texlive/2015/texmf-dist/tex/latex/base/ot1enc.dfu
File: ot1enc.dfu 2014/09/29 v1.1m UTF-8 support for inputenc
   defining Unicode char U+00A1 (decimal 161)
   defining Unicode char U+00A3 (decimal 163)
   defining Unicode char U+00B8 (decimal 184)
   defining Unicode char U+00BF (decimal 191)
   defining Unicode char U+00C5 (decimal 197)
   defining Unicode char U+00C6 (decimal 198)
   defining Unicode char U+00D8 (decimal 216)
   defining Unicode char U+00DF (decimal 223)
   defining Unicode char U+00E6 (decimal 230)
   defining Unicode char U+00EC (decimal 236)
   defining Unicode char U+00ED (decimal 237)
   defining Unicode char U+00EE (decimal 238)
   defining Unicode char U+00EF (decimal 239)
   defining Unicode char U+00F8 (decimal 248)
   defining Unicode char U+0131 (decimal 305)
   defining Unicode char U+0141 (decimal 321)
   defining Unicode char U+0142 (decimal 322)
   defining Unicode char U+0152 (decimal 338)
   defining Unicode char U+0153 (decimal 339)
   defining Unicode char U+2013 (decimal 8211)
   defining Unicode char U+2014 (decimal 8212)
   defining Unicode char U+2018 (decimal 8216)
   defining Unicode char U+2019 (decimal 8217)
   defining Unicode char U+201C (decimal 8220)
   defining Unicode char U+201D (decimal 8221)
)
Now handling font encoding OMS ...
... processing UTF-8 mapping file for font encoding OMS

(/usr/local/texlive/2015/texmf-dist/tex/latex/base/omsenc.dfu
File: omsenc.dfu 2014/09/29 v1.1m UTF-8 support for inputenc
   defining Unicode char U+00A7 (decimal 167)
   defining Unicode char U+00B6 (decimal 182)
   defining Unicode char U+00B7 (decimal 183)
   defining Unicode char U+2020 (decimal 8224)
   defining Unicode char U+2021 (decimal 8225)
   defining Unicode char U+2022 (decimal 8226)
)
Now handling font encoding OMX ...
... no UTF-8 mapping file for font encoding OMX
Now handling font encoding U ...
... no UTF-8 mapping file for font encoding U
   defining Unicode char U+00A9 (decimal 169)
   defining Unicode char U+00AA (decimal 170)
   defining Unicode char U+00AE (decimal 174)
   defining Unicode char U+00BA (decimal 186)
   defining Unicode char U+02C6 (decimal 710)
   defining Unicode char U+02DC (decimal 732)
   defining Unicode char U+200C (decimal 8204)
   defining Unicode char U+2026 (decimal 8230)
   defining Unicode char U+2122 (decimal 8482)
   defining Unicode char U+2423 (decimal 9251)
))
(/usr/local/texlive/2015/texmf-dist/tex/latex/base/fontenc.sty
Package: fontenc 2005/09/27 v1.99g Standard LaTeX package

(/usr/local/texlive/2015/texmf-dist/tex/latex/base/t1enc.def
File: t1enc.def 2005/09/27 v1.99g Standard LaTeX file
LaTeX Font Info:    Redeclaring font encoding T1 on input line 48.
))
(/usr/local/texlive/2015/texmf-dist/tex/latex/geometry/geometry.sty
Package: geometry 2010/09/12 v5.6 Page Geometry

(/usr/local/texlive/2015/texmf-dist/tex/latex/graphics/keyval.sty
Package: keyval 2014/10/28 v1.15 key=value parser (DPC)
\KV@toks@=\toks16
)
(/usr/local/texlive/2015/texmf-dist/tex/generic/oberdiek/ifpdf.sty
Package: ifpdf 2011/01/30 v2.3 Provides the ifpdf switch (HO)
Package ifpdf Info: pdfTeX in PDF mode is detected.
)
(/usr/local/texlive/2015/texmf-dist/tex/generic/oberdiek/ifvtex.sty
Package: ifvtex 2010/03/01 v1.5 Detect VTeX and its facilities (HO)
Package ifvtex Info: VTeX not detected.
)
(/usr/local/texlive/2015/texmf-dist/tex/generic/ifxetex/ifxetex.sty
Package: ifxetex 2010/09/12 v0.6 Provides ifxetex conditional
)
\Gm@cnth=\count88
\Gm@cntv=\count89
\c@Gm@tempcnt=\count90
\Gm@bindingoffset=\dimen104
\Gm@wd@mp=\dimen105
\Gm@odd@mp=\dimen106
\Gm@even@mp=\dimen107
\Gm@layoutwidth=\dimen108
\Gm@layoutheight=\dimen109
\Gm@layouthoffset=\dimen110
\Gm@layoutvoffset=\dimen111
\Gm@dimlist=\toks17
)
(/usr/local/texlive/2015/texmf-dist/tex/latex/koma-script/scrlayer-scrpage.sty
Package: scrlayer-scrpage 2015/05/06 v3.17a KOMA-Script package (end user inter
face for scrlayer)

(/usr/local/texlive/2015/texmf-dist/tex/latex/koma-script/scrlayer.sty
Package: scrlayer 2015/05/06 v3.17a KOMA-Script package (defining layers and pa
ge styles)

(/usr/local/texlive/2015/texmf-dist/tex/latex/koma-script/scrkbase.sty
Package: scrkbase 2015/05/06 v3.17a KOMA-Script package (KOMA-Script-dependent 
basics and keyval usage)

(/usr/local/texlive/2015/texmf-dist/tex/latex/koma-script/scrbase.sty
Package: scrbase 2015/05/06 v3.17a KOMA-Script package (KOMA-Script-independent
 basics and keyval usage)

(/usr/local/texlive/2015/texmf-dist/tex/latex/koma-script/scrlfile.sty
Package: scrlfile 2015/05/06 v3.17a KOMA-Script package (loading files)

Package scrlfile, 2015/05/06 v3.17a KOMA-Script package (loading files)
                  Copyright (C) Markus Kohm

)))
\footheight=\skip43
Package scrlayer Info: patching LaTeX kernel macro \pagestyle on input line 184
3.
))
Package scrlayer-scrpage Info: auto-selection of `pagestyleset=standard'.
 (/usr/local/texlive/2015/texmf-dist/tex/latex/amsfonts/amssymb.sty
Package: amssymb 2013/01/14 v3.01 AMS font symbols

(/usr/local/texlive/2015/texmf-dist/tex/latex/amsfonts/amsfonts.sty
Package: amsfonts 2013/01/14 v3.01 Basic AMSFonts support
\@emptytoks=\toks18
\symAMSa=\mathgroup4
\symAMSb=\mathgroup5
LaTeX Font Info:    Overwriting math alphabet `\mathfrak' in version `bold'
(Font)                  U/euf/m/n --> U/euf/b/n on input line 106.
))
(/usr/local/texlive/2015/texmf-dist/tex/latex/amscls/amsthm.sty
Package: amsthm 2015/03/04 v2.20.2
\thm@style=\toks19
\thm@bodyfont=\toks20
\thm@headfont=\toks21
\thm@notefont=\toks22
\thm@headpunct=\toks23
\thm@preskip=\skip44
\thm@postskip=\skip45
\thm@headsep=\skip46
\dth@everypar=\toks24
)
(/usr/local/texlive/2015/texmf-dist/tex/latex/amsmath/amsmath.sty
Package: amsmath 2013/01/14 v2.14 AMS math features
\@mathmargin=\skip47

For additional information on amsmath, use the `?' option.
(/usr/local/texlive/2015/texmf-dist/tex/latex/amsmath/amstext.sty
Package: amstext 2000/06/29 v2.01

(/usr/local/texlive/2015/texmf-dist/tex/latex/amsmath/amsgen.sty
File: amsgen.sty 1999/11/30 v2.0
\@emptytoks=\toks25
\ex@=\dimen112
))
(/usr/local/texlive/2015/texmf-dist/tex/latex/amsmath/amsbsy.sty
Package: amsbsy 1999/11/29 v1.2d
\pmbraise@=\dimen113
)
(/usr/local/texlive/2015/texmf-dist/tex/latex/amsmath/amsopn.sty
Package: amsopn 1999/12/14 v2.01 operator names
)
\inf@bad=\count91
LaTeX Info: Redefining \frac on input line 210.
\uproot@=\count92
\leftroot@=\count93
LaTeX Info: Redefining \overline on input line 306.
\classnum@=\count94
\DOTSCASE@=\count95
LaTeX Info: Redefining \ldots on input line 378.
LaTeX Info: Redefining \dots on input line 381.
LaTeX Info: Redefining \cdots on input line 466.
\Mathstrutbox@=\box26
\strutbox@=\box27
\big@size=\dimen114
LaTeX Font Info:    Redeclaring font encoding OML on input line 566.
LaTeX Font Info:    Redeclaring font encoding OMS on input line 567.
\macc@depth=\count96
\c@MaxMatrixCols=\count97
\dotsspace@=\muskip10
\c@parentequation=\count98
\dspbrk@lvl=\count99
\tag@help=\toks26
\row@=\count100
\column@=\count101
\maxfields@=\count102
\andhelp@=\toks27
\eqnshift@=\dimen115
\alignsep@=\dimen116
\tagshift@=\dimen117
\tagwidth@=\dimen118
\totwidth@=\dimen119
\lineht@=\dimen120
\@envbody=\toks28
\multlinegap=\skip48
\multlinetaggap=\skip49
\mathdisplay@stack=\toks29
LaTeX Info: Redefining \[ on input line 2665.
LaTeX Info: Redefining \] on input line 2666.
)
(/usr/local/texlive/2015/texmf-dist/tex/latex/thmbox/thmbox.sty
Package: thmbox 2005/04/24 v2.0 fancy theorem outlining
\thmbox@leftmargin=\dimen121
\thmbox@rightmargin=\dimen122
\thmbox@hskip=\dimen123
\thmbox@vskip=\dimen124
\thmbox@thickness=\dimen125
\thmbox@box=\box28
\thmbox@box@=\box29
\thmbox@dim=\dimen126
)
(/usr/local/texlive/2015/texmf-dist/tex/latex/oberdiek/centernot.sty
Package: centernot 2011/07/11 v1.3 Centers the not symbol horizontally (HO)
)
(/usr/local/texlive/2015/texmf-dist/tex/latex/marvosym/marvosym.sty
Package: marvosym 2011/07/20 v2.2 Martin Vogel's Symbols font definitions
)
(/usr/local/texlive/2015/texmf-dist/tex/latex/paralist/paralist.sty
Package: paralist 2013/06/09 v2.4 Extended list environments
\pltopsep=\skip50
\plpartopsep=\skip51
\plitemsep=\skip52
\plparsep=\skip53
\pl@lab=\toks30
)
(/usr/local/texlive/2015/texmf-dist/tex/latex/hyperref/hyperref.sty
Package: hyperref 2012/11/06 v6.83m Hypertext links for LaTeX

(/usr/local/texlive/2015/texmf-dist/tex/generic/oberdiek/hobsub-hyperref.sty
Package: hobsub-hyperref 2012/05/28 v1.13 Bundle oberdiek, subset hyperref (HO)


(/usr/local/texlive/2015/texmf-dist/tex/generic/oberdiek/hobsub-generic.sty
Package: hobsub-generic 2012/05/28 v1.13 Bundle oberdiek, subset generic (HO)
Package: hobsub 2012/05/28 v1.13 Construct package bundles (HO)
Package: infwarerr 2010/04/08 v1.3 Providing info/warning/error messages (HO)
Package: ltxcmds 2011/11/09 v1.22 LaTeX kernel commands for general use (HO)
Package: ifluatex 2010/03/01 v1.3 Provides the ifluatex switch (HO)
Package ifluatex Info: LuaTeX not detected.
Package hobsub Info: Skipping package `ifvtex' (already loaded).
Package: intcalc 2007/09/27 v1.1 Expandable calculations with integers (HO)
Package hobsub Info: Skipping package `ifpdf' (already loaded).
Package: etexcmds 2011/02/16 v1.5 Avoid name clashes with e-TeX commands (HO)
Package etexcmds Info: Could not find \expanded.
(etexcmds)             That can mean that you are not using pdfTeX 1.50 or
(etexcmds)             that some package has redefined \expanded.
(etexcmds)             In the latter case, load this package earlier.
Package: kvsetkeys 2012/04/25 v1.16 Key value parser (HO)
Package: kvdefinekeys 2011/04/07 v1.3 Define keys (HO)
Package: pdftexcmds 2011/11/29 v0.20 Utility functions of pdfTeX for LuaTeX (HO
)
Package pdftexcmds Info: LuaTeX not detected.
Package pdftexcmds Info: \pdf@primitive is available.
Package pdftexcmds Info: \pdf@ifprimitive is available.
Package pdftexcmds Info: \pdfdraftmode found.
Package: pdfescape 2011/11/25 v1.13 Implements pdfTeX's escape features (HO)
Package: bigintcalc 2012/04/08 v1.3 Expandable calculations on big integers (HO
)
Package: bitset 2011/01/30 v1.1 Handle bit-vector datatype (HO)
Package: uniquecounter 2011/01/30 v1.2 Provide unlimited unique counter (HO)
)
Package hobsub Info: Skipping package `hobsub' (already loaded).
Package: letltxmacro 2010/09/02 v1.4 Let assignment for LaTeX macros (HO)
Package: hopatch 2012/05/28 v1.2 Wrapper for package hooks (HO)
Package: xcolor-patch 2011/01/30 xcolor patch
Package: atveryend 2011/06/30 v1.8 Hooks at the very end of document (HO)
Package atveryend Info: \enddocument detected (standard20110627).
Package: atbegshi 2011/10/05 v1.16 At begin shipout hook (HO)
Package: refcount 2011/10/16 v3.4 Data extraction from label references (HO)
Package: hycolor 2011/01/30 v1.7 Color options for hyperref/bookmark (HO)
)
(/usr/local/texlive/2015/texmf-dist/tex/latex/oberdiek/auxhook.sty
Package: auxhook 2011/03/04 v1.3 Hooks for auxiliary files (HO)
)
(/usr/local/texlive/2015/texmf-dist/tex/latex/oberdiek/kvoptions.sty
Package: kvoptions 2011/06/30 v3.11 Key value format for package options (HO)
)
\@linkdim=\dimen127
\Hy@linkcounter=\count103
\Hy@pagecounter=\count104

(/usr/local/texlive/2015/texmf-dist/tex/latex/hyperref/pd1enc.def
File: pd1enc.def 2012/11/06 v6.83m Hyperref: PDFDocEncoding definition (HO)
Now handling font encoding PD1 ...
... no UTF-8 mapping file for font encoding PD1
)
\Hy@SavedSpaceFactor=\count105

(/usr/local/texlive/2015/texmf-dist/tex/latex/latexconfig/hyperref.cfg
File: hyperref.cfg 2002/06/06 v1.2 hyperref configuration of TeXLive
)
Package hyperref Info: Hyper figures OFF on input line 4443.
Package hyperref Info: Link nesting OFF on input line 4448.
Package hyperref Info: Hyper index ON on input line 4451.
Package hyperref Info: Plain pages OFF on input line 4458.
Package hyperref Info: Backreferencing OFF on input line 4463.
Package hyperref Info: Implicit mode ON; LaTeX internals redefined.
Package hyperref Info: Bookmarks ON on input line 4688.
\c@Hy@tempcnt=\count106

(/usr/local/texlive/2015/texmf-dist/tex/latex/url/url.sty
\Urlmuskip=\muskip11
Package: url 2013/09/16  ver 3.4  Verb mode for urls, etc.
)
LaTeX Info: Redefining \url on input line 5041.
\XeTeXLinkMargin=\dimen128
\Fld@menulength=\count107
\Field@Width=\dimen129
\Fld@charsize=\dimen130
Package hyperref Info: Hyper figures OFF on input line 6295.
Package hyperref Info: Link nesting OFF on input line 6300.
Package hyperref Info: Hyper index ON on input line 6303.
Package hyperref Info: backreferencing OFF on input line 6310.
Package hyperref Info: Link coloring OFF on input line 6315.
Package hyperref Info: Link coloring with OCG OFF on input line 6320.
Package hyperref Info: PDF/A mode OFF on input line 6325.
LaTeX Info: Redefining \ref on input line 6365.
LaTeX Info: Redefining \pageref on input line 6369.
\Hy@abspage=\count108
\c@Item=\count109
\c@Hfootnote=\count110
)

Package hyperref Message: Driver (autodetected): hpdftex.

(/usr/local/texlive/2015/texmf-dist/tex/latex/hyperref/hpdftex.def
File: hpdftex.def 2012/11/06 v6.83m Hyperref driver for pdfTeX
\Fld@listcount=\count111
\c@bookmark@seq@number=\count112

(/usr/local/texlive/2015/texmf-dist/tex/latex/oberdiek/rerunfilecheck.sty
Package: rerunfilecheck 2011/04/15 v1.7 Rerun checks for auxiliary files (HO)
Package uniquecounter Info: New unique counter `rerunfilecheck' on input line 2
82.
)
\Hy@SectionHShift=\skip54
)
(/usr/local/texlive/2015/texmf-dist/tex/latex/stmaryrd/stmaryrd.sty
Package: stmaryrd 1994/03/03 St Mary's Road symbol package
\symstmry=\mathgroup6
LaTeX Font Info:    Overwriting symbol font `stmry' in version `bold'
(Font)                  U/stmry/m/n --> U/stmry/b/n on input line 89.
)
(/usr/local/texlive/2015/texmf-dist/tex/latex/titlesec/titlesec.sty
Package: titlesec 2011/12/15 v2.10.0 Sectioning titles
\ttl@box=\box30
\beforetitleunit=\skip55
\aftertitleunit=\skip56
\ttl@plus=\dimen131
\ttl@minus=\dimen132
\ttl@toksa=\toks31
\titlewidth=\dimen133
\titlewidthlast=\dimen134
\titlewidthfirst=\dimen135
)
No file "Aufgaben FunkAna LoÌˆsungsvorschlaÌˆge".aux.
\openout1 = `"Aufgaben FunkAna LoÌˆsungsvorschlaÌˆge.aux"'.

LaTeX Font Info:    Checking defaults for OML/cmm/m/it on input line 81.
LaTeX Font Info:    ... okay on input line 81.
LaTeX Font Info:    Checking defaults for T1/cmr/m/n on input line 81.
LaTeX Font Info:    ... okay on input line 81.
LaTeX Font Info:    Checking defaults for OT1/cmr/m/n on input line 81.
LaTeX Font Info:    ... okay on input line 81.
LaTeX Font Info:    Checking defaults for OMS/cmsy/m/n on input line 81.
LaTeX Font Info:    ... okay on input line 81.
LaTeX Font Info:    Checking defaults for OMX/cmex/m/n on input line 81.
LaTeX Font Info:    ... okay on input line 81.
LaTeX Font Info:    Checking defaults for U/cmr/m/n on input line 81.
LaTeX Font Info:    ... okay on input line 81.
LaTeX Font Info:    Checking defaults for PD1/pdf/m/n on input line 81.
LaTeX Font Info:    ... okay on input line 81.
*geometry* driver: auto-detecting
*geometry* detected driver: pdftex
*geometry* verbose mode - [ preamble ] result:
* driver: pdftex
* paper: a4paper
* layout: <same size as paper>
* layoutoffset:(h,v)=(0.0pt,0.0pt)
* modes: 
* h-part:(L,W,R)=(71.13188pt, 426.79135pt, 99.58464pt)
* v-part:(T,H,B)=(85.35826pt, 645.87756pt, 113.81102pt)
* \paperwidth=597.50787pt
* \paperheight=845.04684pt
* \textwidth=426.79135pt
* \textheight=645.87756pt
* \oddsidemargin=-1.1381pt
* \evensidemargin=-1.1381pt
* \topmargin=-23.91173pt
* \headheight=12.0pt
* \headsep=25.0pt
* \topskip=10.0pt
* \footskip=30.0pt
* \marginparwidth=65.0pt
* \marginparsep=11.0pt
* \columnsep=10.0pt
* \skip\footins=9.0pt plus 4.0pt minus 2.0pt
* \hoffset=0.0pt
* \voffset=0.0pt
* \mag=1000
* \@twocolumnfalse
* \@twosidefalse
* \@mparswitchfalse
* \@reversemarginfalse
* (1in=72.27pt=25.4mm, 1cm=28.453pt)

Package scrlayer Info: Setting magic \footheight to \baselineskip while
(scrlayer)             \begin{document} on input line 81.
\AtBeginShipoutBox=\box31
Package hyperref Info: Link coloring OFF on input line 81.
(/usr/local/texlive/2015/texmf-dist/tex/latex/hyperref/nameref.sty
Package: nameref 2012/10/27 v2.43 Cross-referencing by name of section

(/usr/local/texlive/2015/texmf-dist/tex/generic/oberdiek/gettitlestring.sty
Package: gettitlestring 2010/12/03 v1.4 Cleanup title references (HO)
)
\c@section@level=\count113
)
LaTeX Info: Redefining \ref on input line 81.
LaTeX Info: Redefining \pageref on input line 81.
LaTeX Info: Redefining \nameref on input line 81.
\@outlinefile=\write3
\openout3 = `"Aufgaben FunkAna LoÌˆsungsvorschlaÌˆge.out"'.

\tf@toc=\write4
\openout4 = `"Aufgaben FunkAna LoÌˆsungsvorschlaÌˆge.toc"'.

LaTeX Font Info:    Try loading font information for U+msa on input line 83.

(/usr/local/texlive/2015/texmf-dist/tex/latex/amsfonts/umsa.fd
File: umsa.fd 2013/01/14 v3.01 AMS symbols A
)
LaTeX Font Info:    Try loading font information for U+msb on input line 83.

(/usr/local/texlive/2015/texmf-dist/tex/latex/amsfonts/umsb.fd
File: umsb.fd 2013/01/14 v3.01 AMS symbols B
)
LaTeX Font Info:    Try loading font information for U+stmry on input line 83.

(/usr/local/texlive/2015/texmf-dist/tex/latex/stmaryrd/Ustmry.fd)
Package babel Info: Redefining german shorthand "f
(babel)             in language  on input line 83.
Package babel Info: Redefining german shorthand "|
(babel)             in language  on input line 83.
Package babel Info: Redefining german shorthand "~
(babel)             in language  on input line 83.
Package babel Info: Redefining german shorthand "f
(babel)             in language  on input line 83.
Package babel Info: Redefining german shorthand "|
(babel)             in language  on input line 83.
Package babel Info: Redefining german shorthand "~
(babel)             in language  on input line 83.
 [1{/usr/local/texlive/2015/texmf-var/fonts/map/pdftex/updmap/pdftex.map}

]
Package babel Info: Redefining german shorthand "f
(babel)             in language  on input line 88.
Package babel Info: Redefining german shorthand "|
(babel)             in language  on input line 88.
Package babel Info: Redefining german shorthand "~
(babel)             in language  on input line 88.
Package babel Info: Redefining german shorthand "f
(babel)             in language  on input line 91.
Package babel Info: Redefining german shorthand "|
(babel)             in language  on input line 91.
Package babel Info: Redefining german shorthand "~
(babel)             in language  on input line 91.

Overfull \hbox (14.97205pt too wide) detected at line 108
[] \OMS/cmsy/m/n/9 ^^T [] \OT1/cmr/m/n/9 + [] + [] + [] + []
 []

Package babel Info: Redefining german shorthand "f
(babel)             in language  on input line 128.
Package babel Info: Redefining german shorthand "|
(babel)             in language  on input line 128.
Package babel Info: Redefining german shorthand "~
(babel)             in language  on input line 128.
Package babel Info: Redefining german shorthand "f
(babel)             in language  on input line 146.
Package babel Info: Redefining german shorthand "|
(babel)             in language  on input line 146.
Package babel Info: Redefining german shorthand "~
(babel)             in language  on input line 146.
Package babel Info: Redefining german shorthand "f
(babel)             in language  on input line 146.
Package babel Info: Redefining german shorthand "|
(babel)             in language  on input line 146.
Package babel Info: Redefining german shorthand "~
(babel)             in language  on input line 146.
[2]
Package babel Info: Redefining german shorthand "f
(babel)             in language  on input line 162.
Package babel Info: Redefining german shorthand "|
(babel)             in language  on input line 162.
Package babel Info: Redefining german shorthand "~
(babel)             in language  on input line 162.

Overfull \hbox (16.21063pt too wide) in paragraph at lines 171--174
[]\T1/cmr/m/n/9 Vorweg ei-ne Vor-über-le-gung: Es sei $\OML/cmm/m/it/9 B \OT1/c
mr/m/n/9 := (\OML/cmm/m/it/9 v[]; [] ; v[]\OT1/cmr/m/n/9 )$ \T1/cmr/m/n/9 ei-ne
 Ba-sis von $\OML/cmm/m/it/9 X$\T1/cmr/m/n/9 . Ist $\OML/cmm/m/it/9 x[] \OT1/cm
r/m/n/9 = [][] \OML/cmm/m/it/9 []v[];  [] \OMS/cmsy/m/n/9 2
 []

Package babel Info: Redefining german shorthand "f
(babel)             in language  on input line 193.
Package babel Info: Redefining german shorthand "|
(babel)             in language  on input line 193.
Package babel Info: Redefining german shorthand "~
(babel)             in language  on input line 193.
Package babel Info: Redefining german shorthand "f
(babel)             in language  on input line 193.
Package babel Info: Redefining german shorthand "|
(babel)             in language  on input line 193.
Package babel Info: Redefining german shorthand "~
(babel)             in language  on input line 193.
[3]
Package babel Info: Redefining german shorthand "f
(babel)             in language  on input line 242.
Package babel Info: Redefining german shorthand "|
(babel)             in language  on input line 242.
Package babel Info: Redefining german shorthand "~
(babel)             in language  on input line 242.
Package babel Info: Redefining german shorthand "f
(babel)             in language  on input line 242.
Package babel Info: Redefining german shorthand "|
(babel)             in language  on input line 242.
Package babel Info: Redefining german shorthand "~
(babel)             in language  on input line 242.
 [4]
Package babel Info: Redefining german shorthand "f
(babel)             in language  on input line 250.
Package babel Info: Redefining german shorthand "|
(babel)             in language  on input line 250.
Package babel Info: Redefining german shorthand "~
(babel)             in language  on input line 250.
Package babel Info: Redefining german shorthand "f
(babel)             in language  on input line 250.
Package babel Info: Redefining german shorthand "|
(babel)             in language  on input line 250.
Package babel Info: Redefining german shorthand "~
(babel)             in language  on input line 250.
 [5]
Package babel Info: Redefining german shorthand "f
(babel)             in language  on input line 251.
Package babel Info: Redefining german shorthand "|
(babel)             in language  on input line 251.
Package babel Info: Redefining german shorthand "~
(babel)             in language  on input line 251.
Package babel Info: Redefining german shorthand "f
(babel)             in language  on input line 254.
Package babel Info: Redefining german shorthand "|
(babel)             in language  on input line 254.
Package babel Info: Redefining german shorthand "~
(babel)             in language  on input line 254.

Overfull \hbox (3.42978pt too wide) in paragraph at lines 283--285
[]\T1/cmr/m/n/10 2.Variante: Wie in a) 2.Va-ri-an-te aber wir er-wei-tern $\OML
/cmm/m/it/10 X$ \T1/cmr/m/n/10 auf die Men-ge al-ler Riemann-Integrierbaren
 []

Package babel Info: Redefining german shorthand "f
(babel)             in language  on input line 298.
Package babel Info: Redefining german shorthand "|
(babel)             in language  on input line 298.
Package babel Info: Redefining german shorthand "~
(babel)             in language  on input line 298.

Package hyperref Warning: Token not allowed in a PDF string (PDFDocEncoding):
(hyperref)                removing `math shift' on input line 298.


Package hyperref Warning: Token not allowed in a PDF string (PDFDocEncoding):
(hyperref)                removing `\ell' on input line 298.


Package hyperref Warning: Token not allowed in a PDF string (PDFDocEncoding):
(hyperref)                removing `superscript' on input line 298.


Package hyperref Warning: Token not allowed in a PDF string (PDFDocEncoding):
(hyperref)                removing `math shift' on input line 298.

Package babel Info: Redefining german shorthand "f
(babel)             in language  on input line 314.
Package babel Info: Redefining german shorthand "|
(babel)             in language  on input line 314.
Package babel Info: Redefining german shorthand "~
(babel)             in language  on input line 314.
Package babel Info: Redefining german shorthand "f
(babel)             in language  on input line 314.
Package babel Info: Redefining german shorthand "|
(babel)             in language  on input line 314.
Package babel Info: Redefining german shorthand "~
(babel)             in language  on input line 314.
[6]
Package babel Info: Redefining german shorthand "f
(babel)             in language  on input line 333.
Package babel Info: Redefining german shorthand "|
(babel)             in language  on input line 333.
Package babel Info: Redefining german shorthand "~
(babel)             in language  on input line 333.
Package babel Info: Redefining german shorthand "f
(babel)             in language  on input line 352.
Package babel Info: Redefining german shorthand "|
(babel)             in language  on input line 352.
Package babel Info: Redefining german shorthand "~
(babel)             in language  on input line 352.
Package babel Info: Redefining german shorthand "f
(babel)             in language  on input line 352.
Package babel Info: Redefining german shorthand "|
(babel)             in language  on input line 352.
Package babel Info: Redefining german shorthand "~
(babel)             in language  on input line 352.
 [7]
Package babel Info: Redefining german shorthand "f
(babel)             in language  on input line 358.
Package babel Info: Redefining german shorthand "|
(babel)             in language  on input line 358.
Package babel Info: Redefining german shorthand "~
(babel)             in language  on input line 358.
Package babel Info: Redefining german shorthand "f
(babel)             in language  on input line 358.
Package babel Info: Redefining german shorthand "|
(babel)             in language  on input line 358.
Package babel Info: Redefining german shorthand "~
(babel)             in language  on input line 358.
 [8]
Package babel Info: Redefining german shorthand "f
(babel)             in language  on input line 359.
Package babel Info: Redefining german shorthand "|
(babel)             in language  on input line 359.
Package babel Info: Redefining german shorthand "~
(babel)             in language  on input line 359.
Package babel Info: Redefining german shorthand "f
(babel)             in language  on input line 360.
Package babel Info: Redefining german shorthand "|
(babel)             in language  on input line 360.
Package babel Info: Redefining german shorthand "~
(babel)             in language  on input line 360.

Overfull \hbox (1.62997pt too wide) in paragraph at lines 375--377
[]$\OML/cmm/m/it/10 ^^[\OT1/cmr/m/n/10 (\OML/cmm/m/it/10 T\OT1/cmr/m/n/10 ) := 
\OML/cmm/m/it/10 ^^Z\OT1/cmr/m/n/10 (\OML/cmm/m/it/10 T\OT1/cmr/m/n/10 )[] = \U
/msb/m/n/10 K \OMS/cmsy/m/n/10 n \OML/cmm/m/it/10 ^^Z\OT1/cmr/m/n/10 (\OML/cmm/
m/it/10 T\OT1/cmr/m/n/10 )$ \T1/cmr/m/n/10 heiÿt \T1/cmr/m/it/10 Spek-trum \T1/
cmr/m/n/10 von $\OML/cmm/m/it/10 T$\T1/cmr/m/n/10 . Der \T1/cmr/m/it/10 Spek-tr
al-ra-di-us $\OML/cmm/m/it/10 r\OT1/cmr/m/n/10 (\OML/cmm/m/it/10 T\OT1/cmr/m/n/
10 ) := [] []$
 []

Package babel Info: Redefining german shorthand "f
(babel)             in language  on input line 402.
Package babel Info: Redefining german shorthand "|
(babel)             in language  on input line 402.
Package babel Info: Redefining german shorthand "~
(babel)             in language  on input line 402.
Package babel Info: Redefining german shorthand "f
(babel)             in language  on input line 425.
Package babel Info: Redefining german shorthand "|
(babel)             in language  on input line 425.
Package babel Info: Redefining german shorthand "~
(babel)             in language  on input line 425.
Package babel Info: Redefining german shorthand "f
(babel)             in language  on input line 425.
Package babel Info: Redefining german shorthand "|
(babel)             in language  on input line 425.
Package babel Info: Redefining german shorthand "~
(babel)             in language  on input line 425.
[9]
Package babel Info: Redefining german shorthand "f
(babel)             in language  on input line 435.
Package babel Info: Redefining german shorthand "|
(babel)             in language  on input line 435.
Package babel Info: Redefining german shorthand "~
(babel)             in language  on input line 435.
Package babel Info: Redefining german shorthand "f
(babel)             in language  on input line 457.
Package babel Info: Redefining german shorthand "|
(babel)             in language  on input line 457.
Package babel Info: Redefining german shorthand "~
(babel)             in language  on input line 457.
Package babel Info: Redefining german shorthand "f
(babel)             in language  on input line 457.
Package babel Info: Redefining german shorthand "|
(babel)             in language  on input line 457.
Package babel Info: Redefining german shorthand "~
(babel)             in language  on input line 457.
 [10]
Package babel Info: Redefining german shorthand "f
(babel)             in language  on input line 458.
Package babel Info: Redefining german shorthand "|
(babel)             in language  on input line 458.
Package babel Info: Redefining german shorthand "~
(babel)             in language  on input line 458.
Package babel Info: Redefining german shorthand "f
(babel)             in language  on input line 460.
Package babel Info: Redefining german shorthand "|
(babel)             in language  on input line 460.
Package babel Info: Redefining german shorthand "~
(babel)             in language  on input line 460.

Underfull \hbox (badness 10000) in paragraph at lines 469--469
[]\T1/cmr/m/n/10 (Äquivalentes
 []

Package babel Info: Redefining german shorthand "f
(babel)             in language  on input line 506.
Package babel Info: Redefining german shorthand "|
(babel)             in language  on input line 506.
Package babel Info: Redefining german shorthand "~
(babel)             in language  on input line 506.
Package babel Info: Redefining german shorthand "f
(babel)             in language  on input line 526.
Package babel Info: Redefining german shorthand "|
(babel)             in language  on input line 526.
Package babel Info: Redefining german shorthand "~
(babel)             in language  on input line 526.
Package babel Info: Redefining german shorthand "f
(babel)             in language  on input line 526.
Package babel Info: Redefining german shorthand "|
(babel)             in language  on input line 526.
Package babel Info: Redefining german shorthand "~
(babel)             in language  on input line 526.
[11]
Package babel Info: Redefining german shorthand "f
(babel)             in language  on input line 533.
Package babel Info: Redefining german shorthand "|
(babel)             in language  on input line 533.
Package babel Info: Redefining german shorthand "~
(babel)             in language  on input line 533.
Package babel Info: Redefining german shorthand "f
(babel)             in language  on input line 555.
Package babel Info: Redefining german shorthand "|
(babel)             in language  on input line 555.
Package babel Info: Redefining german shorthand "~
(babel)             in language  on input line 555.
Package babel Info: Redefining german shorthand "f
(babel)             in language  on input line 555.
Package babel Info: Redefining german shorthand "|
(babel)             in language  on input line 555.
Package babel Info: Redefining german shorthand "~
(babel)             in language  on input line 555.
 [12]
Package babel Info: Redefining german shorthand "f
(babel)             in language  on input line 556.
Package babel Info: Redefining german shorthand "|
(babel)             in language  on input line 556.
Package babel Info: Redefining german shorthand "~
(babel)             in language  on input line 556.
Package babel Info: Redefining german shorthand "f
(babel)             in language  on input line 559.
Package babel Info: Redefining german shorthand "|
(babel)             in language  on input line 559.
Package babel Info: Redefining german shorthand "~
(babel)             in language  on input line 559.
Package babel Info: Redefining german shorthand "f
(babel)             in language  on input line 582.
Package babel Info: Redefining german shorthand "|
(babel)             in language  on input line 582.
Package babel Info: Redefining german shorthand "~
(babel)             in language  on input line 582.


Package hyperref Warning: Token not allowed in a PDF string (PDFDocEncoding):
(hyperref)                removing `math shift' on input line 582.


Package hyperref Warning: Token not allowed in a PDF string (PDFDocEncoding):
(hyperref)                removing `\ell' on input line 582.


Package hyperref Warning: Token not allowed in a PDF string (PDFDocEncoding):
(hyperref)                removing `superscript' on input line 582.


Package hyperref Warning: Token not allowed in a PDF string (PDFDocEncoding):
(hyperref)                removing `math shift' on input line 582.

Package babel Info: Redefining german shorthand "f
(babel)             in language  on input line 589.
Package babel Info: Redefining german shorthand "|
(babel)             in language  on input line 589.
Package babel Info: Redefining german shorthand "~
(babel)             in language  on input line 589.
Package babel Info: Redefining german shorthand "f
(babel)             in language  on input line 605.
Package babel Info: Redefining german shorthand "|
(babel)             in language  on input line 605.
Package babel Info: Redefining german shorthand "~
(babel)             in language  on input line 605.
Package babel Info: Redefining german shorthand "f
(babel)             in language  on input line 605.
Package babel Info: Redefining german shorthand "|
(babel)             in language  on input line 605.
Package babel Info: Redefining german shorthand "~
(babel)             in language  on input line 605.
[13]
Package babel Info: Redefining german shorthand "f
(babel)             in language  on input line 606.
Package babel Info: Redefining german shorthand "|
(babel)             in language  on input line 606.
Package babel Info: Redefining german shorthand "~
(babel)             in language  on input line 606.
Package babel Info: Redefining german shorthand "f
(babel)             in language  on input line 609.
Package babel Info: Redefining german shorthand "|
(babel)             in language  on input line 609.
Package babel Info: Redefining german shorthand "~
(babel)             in language  on input line 609.
Package babel Info: Redefining german shorthand "f
(babel)             in language  on input line 621.
Package babel Info: Redefining german shorthand "|
(babel)             in language  on input line 621.
Package babel Info: Redefining german shorthand "~
(babel)             in language  on input line 621.
Package babel Info: Redefining german shorthand "f
(babel)             in language  on input line 630.
Package babel Info: Redefining german shorthand "|
(babel)             in language  on input line 630.
Package babel Info: Redefining german shorthand "~
(babel)             in language  on input line 630.
Package babel Info: Redefining german shorthand "f
(babel)             in language  on input line 647.
Package babel Info: Redefining german shorthand "|
(babel)             in language  on input line 647.
Package babel Info: Redefining german shorthand "~
(babel)             in language  on input line 647.
Package babel Info: Redefining german shorthand "f
(babel)             in language  on input line 663.
Package babel Info: Redefining german shorthand "|
(babel)             in language  on input line 663.
Package babel Info: Redefining german shorthand "~
(babel)             in language  on input line 663.
Package babel Info: Redefining german shorthand "f
(babel)             in language  on input line 663.
Package babel Info: Redefining german shorthand "|
(babel)             in language  on input line 663.
Package babel Info: Redefining german shorthand "~
(babel)             in language  on input line 663.
 [14]
Package babel Info: Redefining german shorthand "f
(babel)             in language  on input line 664.
Package babel Info: Redefining german shorthand "|
(babel)             in language  on input line 664.
Package babel Info: Redefining german shorthand "~
(babel)             in language  on input line 664.
Package babel Info: Redefining german shorthand "f
(babel)             in language  on input line 667.
Package babel Info: Redefining german shorthand "|
(babel)             in language  on input line 667.
Package babel Info: Redefining german shorthand "~
(babel)             in language  on input line 667.
Package babel Info: Redefining german shorthand "f
(babel)             in language  on input line 680.
Package babel Info: Redefining german shorthand "|
(babel)             in language  on input line 680.
Package babel Info: Redefining german shorthand "~
(babel)             in language  on input line 680.
Package babel Info: Redefining german shorthand "f
(babel)             in language  on input line 691.
Package babel Info: Redefining german shorthand "|
(babel)             in language  on input line 691.
Package babel Info: Redefining german shorthand "~
(babel)             in language  on input line 691.
Package babel Info: Redefining german shorthand "f
(babel)             in language  on input line 700.
Package babel Info: Redefining german shorthand "|
(babel)             in language  on input line 700.
Package babel Info: Redefining german shorthand "~
(babel)             in language  on input line 700.
Package babel Info: Redefining german shorthand "f
(babel)             in language  on input line 715.
Package babel Info: Redefining german shorthand "|
(babel)             in language  on input line 715.
Package babel Info: Redefining german shorthand "~
(babel)             in language  on input line 715.
Package babel Info: Redefining german shorthand "f
(babel)             in language  on input line 727.
Package babel Info: Redefining german shorthand "|
(babel)             in language  on input line 727.
Package babel Info: Redefining german shorthand "~
(babel)             in language  on input line 727.
Package babel Info: Redefining german shorthand "f
(babel)             in language  on input line 727.
Package babel Info: Redefining german shorthand "|
(babel)             in language  on input line 727.
Package babel Info: Redefining german shorthand "~
(babel)             in language  on input line 727.
 [15]
Package babel Info: Redefining german shorthand "f
(babel)             in language  on input line 728.
Package babel Info: Redefining german shorthand "|
(babel)             in language  on input line 728.
Package babel Info: Redefining german shorthand "~
(babel)             in language  on input line 728.
Package babel Info: Redefining german shorthand "f
(babel)             in language  on input line 732.
Package babel Info: Redefining german shorthand "|
(babel)             in language  on input line 732.
Package babel Info: Redefining german shorthand "~
(babel)             in language  on input line 732.
Package babel Info: Redefining german shorthand "f
(babel)             in language  on input line 742.
Package babel Info: Redefining german shorthand "|
(babel)             in language  on input line 742.
Package babel Info: Redefining german shorthand "~
(babel)             in language  on input line 742.
Package babel Info: Redefining german shorthand "f
(babel)             in language  on input line 751.
Package babel Info: Redefining german shorthand "|
(babel)             in language  on input line 751.
Package babel Info: Redefining german shorthand "~
(babel)             in language  on input line 751.
Package babel Info: Redefining german shorthand "f
(babel)             in language  on input line 761.
Package babel Info: Redefining german shorthand "|
(babel)             in language  on input line 761.
Package babel Info: Redefining german shorthand "~
(babel)             in language  on input line 761.
Package babel Info: Redefining german shorthand "f
(babel)             in language  on input line 776.
Package babel Info: Redefining german shorthand "|
(babel)             in language  on input line 776.
Package babel Info: Redefining german shorthand "~
(babel)             in language  on input line 776.
Package babel Info: Redefining german shorthand "f
(babel)             in language  on input line 776.
Package babel Info: Redefining german shorthand "|
(babel)             in language  on input line 776.
Package babel Info: Redefining german shorthand "~
(babel)             in language  on input line 776.
 [16]
Package babel Info: Redefining german shorthand "f
(babel)             in language  on input line 777.
Package babel Info: Redefining german shorthand "|
(babel)             in language  on input line 777.
Package babel Info: Redefining german shorthand "~
(babel)             in language  on input line 777.
Package babel Info: Redefining german shorthand "f
(babel)             in language  on input line 780.
Package babel Info: Redefining german shorthand "|
(babel)             in language  on input line 780.
Package babel Info: Redefining german shorthand "~
(babel)             in language  on input line 780.


Package hyperref Warning: Token not allowed in a PDF string (PDFDocEncoding):
(hyperref)                removing `math shift' on input line 780.


Package hyperref Warning: Token not allowed in a PDF string (PDFDocEncoding):
(hyperref)                removing `\ell' on input line 780.


Package hyperref Warning: Token not allowed in a PDF string (PDFDocEncoding):
(hyperref)                removing `superscript' on input line 780.


Package hyperref Warning: Token not allowed in a PDF string (PDFDocEncoding):
(hyperref)                removing `math shift' on input line 780.

Package babel Info: Redefining german shorthand "f
(babel)             in language  on input line 789.
Package babel Info: Redefining german shorthand "|
(babel)             in language  on input line 789.
Package babel Info: Redefining german shorthand "~
(babel)             in language  on input line 789.
Package babel Info: Redefining german shorthand "f
(babel)             in language  on input line 801.
Package babel Info: Redefining german shorthand "|
(babel)             in language  on input line 801.
Package babel Info: Redefining german shorthand "~
(babel)             in language  on input line 801.

Package hyperref Warning: Token not allowed in a PDF string (PDFDocEncoding):
(hyperref)                removing `math shift' on input line 801.


Package hyperref Warning: Token not allowed in a PDF string (PDFDocEncoding):
(hyperref)                removing `superscript' on input line 801.


Package hyperref Warning: Token not allowed in a PDF string (PDFDocEncoding):
(hyperref)                removing `math shift' on input line 801.

Package babel Info: Redefining german shorthand "f
(babel)             in language  on input line 810.
Package babel Info: Redefining german shorthand "|
(babel)             in language  on input line 810.
Package babel Info: Redefining german shorthand "~
(babel)             in language  on input line 810.
Package babel Info: Redefining german shorthand "f
(babel)             in language  on input line 818.
Package babel Info: Redefining german shorthand "|
(babel)             in language  on input line 818.
Package babel Info: Redefining german shorthand "~
(babel)             in language  on input line 818.
Package babel Info: Redefining german shorthand "f
(babel)             in language  on input line 825.
Package babel Info: Redefining german shorthand "|
(babel)             in language  on input line 825.
Package babel Info: Redefining german shorthand "~
(babel)             in language  on input line 825.
Package babel Info: Redefining german shorthand "f
(babel)             in language  on input line 825.
Package babel Info: Redefining german shorthand "|
(babel)             in language  on input line 825.
Package babel Info: Redefining german shorthand "~
(babel)             in language  on input line 825.
[17]
Package babel Info: Redefining german shorthand "f
(babel)             in language  on input line 826.
Package babel Info: Redefining german shorthand "|
(babel)             in language  on input line 826.
Package babel Info: Redefining german shorthand "~
(babel)             in language  on input line 826.
Package babel Info: Redefining german shorthand "f
(babel)             in language  on input line 829.
Package babel Info: Redefining german shorthand "|
(babel)             in language  on input line 829.
Package babel Info: Redefining german shorthand "~
(babel)             in language  on input line 829.
Package babel Info: Redefining german shorthand "f
(babel)             in language  on input line 838.
Package babel Info: Redefining german shorthand "|
(babel)             in language  on input line 838.
Package babel Info: Redefining german shorthand "~
(babel)             in language  on input line 838.
Package babel Info: Redefining german shorthand "f
(babel)             in language  on input line 848.
Package babel Info: Redefining german shorthand "|
(babel)             in language  on input line 848.
Package babel Info: Redefining german shorthand "~
(babel)             in language  on input line 848.
Package babel Info: Redefining german shorthand "f
(babel)             in language  on input line 859.
Package babel Info: Redefining german shorthand "|
(babel)             in language  on input line 859.
Package babel Info: Redefining german shorthand "~
(babel)             in language  on input line 859.
LaTeX Font Info:    Try loading font information for U+euf on input line 860.
 (/usr/local/texlive/2015/texmf-dist/tex/latex/amsfonts/ueuf.fd
File: ueuf.fd 2013/01/14 v3.01 Euler Fraktur
)
Package babel Info: Redefining german shorthand "f
(babel)             in language  on input line 865.
Package babel Info: Redefining german shorthand "|
(babel)             in language  on input line 865.
Package babel Info: Redefining german shorthand "~
(babel)             in language  on input line 865.


Package hyperref Warning: Token not allowed in a PDF string (PDFDocEncoding):
(hyperref)                removing `math shift' on input line 865.


Package hyperref Warning: Token not allowed in a PDF string (PDFDocEncoding):
(hyperref)                removing `subscript' on input line 865.


Package hyperref Warning: Token not allowed in a PDF string (PDFDocEncoding):
(hyperref)                removing `math shift' on input line 865.

Package babel Info: Redefining german shorthand "f
(babel)             in language  on input line 876.
Package babel Info: Redefining german shorthand "|
(babel)             in language  on input line 876.
Package babel Info: Redefining german shorthand "~
(babel)             in language  on input line 876.
Package babel Info: Redefining german shorthand "f
(babel)             in language  on input line 876.
Package babel Info: Redefining german shorthand "|
(babel)             in language  on input line 876.
Package babel Info: Redefining german shorthand "~
(babel)             in language  on input line 876.
[18]
Package babel Info: Redefining german shorthand "f
(babel)             in language  on input line 877.
Package babel Info: Redefining german shorthand "|
(babel)             in language  on input line 877.
Package babel Info: Redefining german shorthand "~
(babel)             in language  on input line 877.
Package babel Info: Redefining german shorthand "f
(babel)             in language  on input line 880.
Package babel Info: Redefining german shorthand "|
(babel)             in language  on input line 880.
Package babel Info: Redefining german shorthand "~
(babel)             in language  on input line 880.
Package babel Info: Redefining german shorthand "f
(babel)             in language  on input line 886.
Package babel Info: Redefining german shorthand "|
(babel)             in language  on input line 886.
Package babel Info: Redefining german shorthand "~
(babel)             in language  on input line 886.
Package babel Info: Redefining german shorthand "f
(babel)             in language  on input line 894.
Package babel Info: Redefining german shorthand "|
(babel)             in language  on input line 894.
Package babel Info: Redefining german shorthand "~
(babel)             in language  on input line 894.
Package babel Info: Redefining german shorthand "f
(babel)             in language  on input line 908.
Package babel Info: Redefining german shorthand "|
(babel)             in language  on input line 908.
Package babel Info: Redefining german shorthand "~
(babel)             in language  on input line 908.
Package babel Info: Redefining german shorthand "f
(babel)             in language  on input line 908.
Package babel Info: Redefining german shorthand "|
(babel)             in language  on input line 908.
Package babel Info: Redefining german shorthand "~
(babel)             in language  on input line 908.
 [19]
Package babel Info: Redefining german shorthand "f
(babel)             in language  on input line 909.
Package babel Info: Redefining german shorthand "|
(babel)             in language  on input line 909.
Package babel Info: Redefining german shorthand "~
(babel)             in language  on input line 909.
Package babel Info: Redefining german shorthand "f
(babel)             in language  on input line 913.
Package babel Info: Redefining german shorthand "|
(babel)             in language  on input line 913.
Package babel Info: Redefining german shorthand "~
(babel)             in language  on input line 913.
Package babel Info: Redefining german shorthand "f
(babel)             in language  on input line 932.
Package babel Info: Redefining german shorthand "|
(babel)             in language  on input line 932.
Package babel Info: Redefining german shorthand "~
(babel)             in language  on input line 932.
Package babel Info: Redefining german shorthand "f
(babel)             in language  on input line 937.
Package babel Info: Redefining german shorthand "|
(babel)             in language  on input line 937.
Package babel Info: Redefining german shorthand "~
(babel)             in language  on input line 937.
Package babel Info: Redefining german shorthand "f
(babel)             in language  on input line 944.
Package babel Info: Redefining german shorthand "|
(babel)             in language  on input line 944.
Package babel Info: Redefining german shorthand "~
(babel)             in language  on input line 944.
Package babel Info: Redefining german shorthand "f
(babel)             in language  on input line 959.
Package babel Info: Redefining german shorthand "|
(babel)             in language  on input line 959.
Package babel Info: Redefining german shorthand "~
(babel)             in language  on input line 959.
Package babel Info: Redefining german shorthand "f
(babel)             in language  on input line 959.
Package babel Info: Redefining german shorthand "|
(babel)             in language  on input line 959.
Package babel Info: Redefining german shorthand "~
(babel)             in language  on input line 959.
 [20]
Package babel Info: Redefining german shorthand "f
(babel)             in language  on input line 960.
Package babel Info: Redefining german shorthand "|
(babel)             in language  on input line 960.
Package babel Info: Redefining german shorthand "~
(babel)             in language  on input line 960.
Package babel Info: Redefining german shorthand "f
(babel)             in language  on input line 964.
Package babel Info: Redefining german shorthand "|
(babel)             in language  on input line 964.
Package babel Info: Redefining german shorthand "~
(babel)             in language  on input line 964.
Package babel Info: Redefining german shorthand "f
(babel)             in language  on input line 974.
Package babel Info: Redefining german shorthand "|
(babel)             in language  on input line 974.
Package babel Info: Redefining german shorthand "~
(babel)             in language  on input line 974.
Package babel Info: Redefining german shorthand "f
(babel)             in language  on input line 981.
Package babel Info: Redefining german shorthand "|
(babel)             in language  on input line 981.
Package babel Info: Redefining german shorthand "~
(babel)             in language  on input line 981.
Package babel Info: Redefining german shorthand "f
(babel)             in language  on input line 988.
Package babel Info: Redefining german shorthand "|
(babel)             in language  on input line 988.
Package babel Info: Redefining german shorthand "~
(babel)             in language  on input line 988.
Package atveryend Info: Empty hook `BeforeClearDocument' on input line 1021.
Package babel Info: Redefining german shorthand "f
(babel)             in language  on input line 1021.
Package babel Info: Redefining german shorthand "|
(babel)             in language  on input line 1021.
Package babel Info: Redefining german shorthand "~
(babel)             in language  on input line 1021.
Package babel Info: Redefining german shorthand "f
(babel)             in language  on input line 1021.
Package babel Info: Redefining german shorthand "|
(babel)             in language  on input line 1021.
Package babel Info: Redefining german shorthand "~
(babel)             in language  on input line 1021.
 [21]
Package atveryend Info: Empty hook `AfterLastShipout' on input line 1021.
 (./Aufgaben FunkAna LoÌˆsungsvorschlaÌˆge.aux)
Package atveryend Info: Executing hook `AtVeryEndDocument' on input line 1021.
Package atveryend Info: Executing hook `AtEndAfterFileList' on input line 1021.



Package rerunfilecheck Warning: File `"Aufgaben FunkAna LoÌˆsungsvorschlaÌˆge".
out' has changed.
(rerunfilecheck)                Rerun to get outlines right
(rerunfilecheck)                or use package `bookmark'.

Package rerunfilecheck Info: Checksums for `"Aufgaben FunkAna LoÌˆsungsvorschla
Ìˆge".out':
(rerunfilecheck)             Before: <no file>
(rerunfilecheck)             After:  AE662DBBB6C17B1CC52C151829EEA469;4549.
Package atveryend Info: Empty hook `AtVeryVeryEnd' on input line 1021.
 ) 
Here is how much of TeX's memory you used:
 9553 strings out of 493089
 163934 string characters out of 6134841
 287582 words of memory out of 5000000
 12731 multiletter control sequences out of 15000+600000
 25791 words of font info for 74 fonts, out of 8000000 for 9000
 1141 hyphenation exceptions out of 8191
 48i,23n,72p,653b,566s stack positions out of 5000i,500n,10000p,200000b,80000s
{/usr/local/texlive/2015/texmf-dist/fonts/enc/dvips/cm-super/cm-super-t1.enc}
</usr/local/texlive/2015/texmf-dist/fonts/type1/public/amsfonts/cm/cmex10.pfb><
/usr/local/texlive/2015/texmf-dist/fonts/type1/public/amsfonts/cmextra/cmex9.pf
b></usr/local/texlive/2015/texmf-dist/fonts/type1/public/amsfonts/cm/cmmi10.pfb
></usr/local/texlive/2015/texmf-dist/fonts/type1/public/amsfonts/cm/cmmi12.pfb>
</usr/local/texlive/2015/texmf-dist/fonts/type1/public/amsfonts/cm/cmmi5.pfb></
usr/local/texlive/2015/texmf-dist/fonts/type1/public/amsfonts/cm/cmmi6.pfb></us
r/local/texlive/2015/texmf-dist/fonts/type1/public/amsfonts/cm/cmmi7.pfb></usr/
local/texlive/2015/texmf-dist/fonts/type1/public/amsfonts/cm/cmmi8.pfb></usr/lo
cal/texlive/2015/texmf-dist/fonts/type1/public/amsfonts/cm/cmmi9.pfb></usr/loca
l/texlive/2015/texmf-dist/fonts/type1/public/amsfonts/cm/cmr10.pfb></usr/local/
texlive/2015/texmf-dist/fonts/type1/public/amsfonts/cm/cmr5.pfb></usr/local/tex
live/2015/texmf-dist/fonts/type1/public/amsfonts/cm/cmr6.pfb></usr/local/texliv
e/2015/texmf-dist/fonts/type1/public/amsfonts/cm/cmr7.pfb></usr/local/texlive/2
015/texmf-dist/fonts/type1/public/amsfonts/cm/cmr8.pfb></usr/local/texlive/2015
/texmf-dist/fonts/type1/public/amsfonts/cm/cmr9.pfb></usr/local/texlive/2015/te
xmf-dist/fonts/type1/public/amsfonts/cm/cmsy10.pfb></usr/local/texlive/2015/tex
mf-dist/fonts/type1/public/amsfonts/cm/cmsy5.pfb></usr/local/texlive/2015/texmf
-dist/fonts/type1/public/amsfonts/cm/cmsy6.pfb></usr/local/texlive/2015/texmf-d
ist/fonts/type1/public/amsfonts/cm/cmsy7.pfb></usr/local/texlive/2015/texmf-dis
t/fonts/type1/public/amsfonts/cm/cmsy8.pfb></usr/local/texlive/2015/texmf-dist/
fonts/type1/public/amsfonts/cm/cmsy9.pfb></usr/local/texlive/2015/texmf-dist/fo
nts/type1/public/amsfonts/euler/eufm10.pfb></usr/local/texlive/2015/texmf-dist/
fonts/type1/public/amsfonts/symbols/msbm10.pfb></usr/local/texlive/2015/texmf-d
ist/fonts/type1/public/amsfonts/symbols/msbm7.pfb></usr/local/texlive/2015/texm
f-dist/fonts/type1/public/cm-super/sfbx0900.pfb></usr/local/texlive/2015/texmf-
dist/fonts/type1/public/cm-super/sfbx1000.pfb></usr/local/texlive/2015/texmf-di
st/fonts/type1/public/cm-super/sfbx1200.pfb></usr/local/texlive/2015/texmf-dist
/fonts/type1/public/cm-super/sfbx1440.pfb></usr/local/texlive/2015/texmf-dist/f
onts/type1/public/cm-super/sfrm0600.pfb></usr/local/texlive/2015/texmf-dist/fon
ts/type1/public/cm-super/sfrm0800.pfb></usr/local/texlive/2015/texmf-dist/fonts
/type1/public/cm-super/sfrm0900.pfb></usr/local/texlive/2015/texmf-dist/fonts/t
ype1/public/cm-super/sfrm1000.pfb></usr/local/texlive/2015/texmf-dist/fonts/typ
e1/public/cm-super/sfsl1000.pfb></usr/local/texlive/2015/texmf-dist/fonts/type1
/public/cm-super/sfti0900.pfb></usr/local/texlive/2015/texmf-dist/fonts/type1/p
ublic/cm-super/sfti1000.pfb></usr/local/texlive/2015/texmf-dist/fonts/type1/pub
lic/stmaryrd/stmary10.pfb></usr/local/texlive/2015/texmf-dist/fonts/type1/publi
c/stmaryrd/stmary9.pfb>
Output written on "Aufgaben FunkAna LoÌˆsungsvorschlaÌˆge.pdf" (21 pages, 52583
9 bytes).
PDF statistics:
 435 PDF objects out of 1000 (max. 8388607)
 371 compressed objects within 4 object streams
 173 named destinations out of 1000 (max. 500000)
 1 words of extra memory for PDF output out of 10000 (max. 10000000)

